<?xml version="1.0" encoding="UTF-8"?>
<!-- Generated by org.testng.reporters.JUnitReportReporter -->
<testsuite skipped="0" hostname="LAPTOP-KU2F0MSQ" name="testing.Demo.App" tests="2" failures="0" timestamp="2019-11-30T13:33:51 IST" time="14.559" errors="0">
  <testcase name="test1" time="5.461" classname="testing.Demo.App"/>
  <testcase name="test2" time="9.098" classname="testing.Demo.App"/>
</testsuite> <!-- testing.Demo.App -->
