<?xml version="1.0" encoding="UTF-8"?>
<!-- Generated by org.testng.reporters.JUnitReportReporter -->
<testsuite skipped="0" hostname="LAPTOP-KU2F0MSQ" name="testing.Demo.App" tests="2" failures="0" timestamp="2019-12-01T10:46:37 IST" time="16.569" errors="0">
  <testcase name="test1" time="7.152" classname="testing.Demo.App"/>
  <testcase name="test2" time="9.417" classname="testing.Demo.App"/>
</testsuite> <!-- testing.Demo.App -->
